c:\users\dell\desktop\summer system\concurrentqueue\concurrentqueue\debug\concurrentqueue.pch
c:\users\dell\desktop\summer system\concurrentqueue\concurrentqueue\debug\vc120.pdb
c:\users\dell\desktop\summer system\concurrentqueue\concurrentqueue\debug\vc120.idb
c:\users\dell\desktop\summer system\concurrentqueue\concurrentqueue\debug\stdafx.obj
c:\users\dell\desktop\summer system\concurrentqueue\concurrentqueue\debug\concurrentqueue.obj
c:\users\dell\desktop\summer system\concurrentqueue\debug\concurrentqueue.ilk
c:\users\dell\desktop\summer system\concurrentqueue\debug\concurrentqueue.exe
c:\users\dell\desktop\summer system\concurrentqueue\debug\concurrentqueue.pdb
c:\users\niranjan\documents\visual studio 2013\projects\concurrentqueue\concurrentqueue\debug\concurrentqueue.obj
c:\users\niranjan\documents\visual studio 2013\projects\concurrentqueue\concurrentqueue\debug\stdafx.obj
c:\users\niranjan\documents\visual studio 2013\projects\concurrentqueue\concurrentqueue\debug\concurrentqueue.pch
c:\users\niranjan\documents\visual studio 2013\projects\concurrentqueue\concurrentqueue\debug\vc120.idb
c:\users\niranjan\documents\visual studio 2013\projects\concurrentqueue\concurrentqueue\debug\vc120.pdb
c:\users\niranjan\documents\visual studio 2013\projects\concurrentqueue\debug\concurrentqueue.pdb
c:\users\niranjan\documents\visual studio 2013\projects\concurrentqueue\debug\concurrentqueue.exe
c:\users\niranjan\documents\visual studio 2013\projects\concurrentqueue\debug\concurrentqueue.ilk
c:\users\niranjan\documents\visual studio 2013\projects\concurrentqueue\concurrentqueue\debug\concurrentqueue.tlog\cl.command.1.tlog
c:\users\niranjan\documents\visual studio 2013\projects\concurrentqueue\concurrentqueue\debug\concurrentqueue.tlog\cl.read.1.tlog
c:\users\niranjan\documents\visual studio 2013\projects\concurrentqueue\concurrentqueue\debug\concurrentqueue.tlog\cl.write.1.tlog
c:\users\niranjan\documents\visual studio 2013\projects\concurrentqueue\concurrentqueue\debug\concurrentqueue.tlog\link.command.1.tlog
c:\users\niranjan\documents\visual studio 2013\projects\concurrentqueue\concurrentqueue\debug\concurrentqueue.tlog\link.read.1.tlog
c:\users\niranjan\documents\visual studio 2013\projects\concurrentqueue\concurrentqueue\debug\concurrentqueue.tlog\link.write.1.tlog
